# JRE version: Java(TM) SE Runtime Environment (7.0_71-b14) (build 1.7.0_71-b14)
# Java VM: Java HotSpot(TM) Server VM (24.71-b01 mixed mode linux-x86 )
Heap
 PSYoungGen      total 18944K, used 8143K [0x9e500000, 0x9fa00000, 0xb35c0000)
  eden space 16384K, 34% used [0x9e500000,0x9ea740d0,0x9f500000)
  from space 2560K, 99% used [0x9f780000,0x9f9ffd58,0x9fa00000)
  to   space 2560K, 0% used [0x9f500000,0x9f500000,0x9f780000)
 ParOldGen       total 43008K, used 6275K [0x743c0000, 0x76dc0000, 0x9e500000)
  object space 43008K, 14% used [0x743c0000,0x749e0e68,0x76dc0000)
 PSPermGen       total 16384K, used 12001K [0x703c0000, 0x713c0000, 0x743c0000)
  object space 16384K, 73% used [0x703c0000,0x70f78780,0x713c0000)
GC Heap History (4 events):
Event: 3,001 GC heap before
{Heap before GC invocations=1 (full 0):
 PSYoungGen      total 18944K, used 16384K [0x9e500000, 0x9fa00000, 0xb35c0000)
  eden space 16384K, 100% used [0x9e500000,0x9f500000,0x9f500000)
  from space 2560K, 0% used [0x9f780000,0x9f780000,0x9fa00000)
  to   space 2560K, 0% used [0x9f500000,0x9f500000,0x9f780000)
 ParOldGen       total 43008K, used 0K [0x743c0000, 0x76dc0000, 0x9e500000)
  object space 43008K, 0% used [0x743c0000,0x743c0000,0x76dc0000)
 PSPermGen       total 16384K, used 9513K [0x703c0000, 0x713c0000, 0x743c0000)
  object space 16384K, 58% used [0x703c0000,0x70d0a6a8,0x713c0000)
Event: 3,011 GC heap after
Heap after GC invocations=1 (full 0):
 PSYoungGen      total 18944K, used 2554K [0x9e500000, 0x9fa00000, 0xb35c0000)
  eden space 16384K, 0% used [0x9e500000,0x9e500000,0x9f500000)
  from space 2560K, 99% used [0x9f500000,0x9f77eb90,0x9f780000)
  to   space 2560K, 0% used [0x9f780000,0x9f780000,0x9fa00000)
 ParOldGen       total 43008K, used 1634K [0x743c0000, 0x76dc0000, 0x9e500000)
  object space 43008K, 3% used [0x743c0000,0x74558ba8,0x76dc0000)
 PSPermGen       total 16384K, used 9513K [0x703c0000, 0x713c0000, 0x743c0000)
  object space 16384K, 58% used [0x703c0000,0x70d0a6a8,0x713c0000)
}
Event: 61,835 GC heap before
{Heap before GC invocations=2 (full 0):
 PSYoungGen      total 18944K, used 18938K [0x9e500000, 0x9fa00000, 0xb35c0000)
  eden space 16384K, 100% used [0x9e500000,0x9f500000,0x9f500000)
  from space 2560K, 99% used [0x9f500000,0x9f77eb90,0x9f780000)
  to   space 2560K, 0% used [0x9f780000,0x9f780000,0x9fa00000)
 ParOldGen       total 43008K, used 1634K [0x743c0000, 0x76dc0000, 0x9e500000)
  object space 43008K, 3% used [0x743c0000,0x74558ba8,0x76dc0000)
 PSPermGen       total 16384K, used 11827K [0x703c0000, 0x713c0000, 0x743c0000)
  object space 16384K, 72% used [0x703c0000,0x70f4cd78,0x713c0000)
Event: 61,850 GC heap after
Heap after GC invocations=2 (full 0):
 PSYoungGen      total 18944K, used 2559K [0x9e500000, 0x9fa00000, 0xb35c0000)
  eden space 16384K, 0% used [0x9e500000,0x9e500000,0x9f500000)
  from space 2560K, 99% used [0x9f780000,0x9f9ffd58,0x9fa00000)
  to   space 2560K, 0% used [0x9f500000,0x9f500000,0x9f780000)
 ParOldGen       total 43008K, used 6275K [0x743c0000, 0x76dc0000, 0x9e500000)
  object space 43008K, 14% used [0x743c0000,0x749e0e68,0x76dc0000)
 PSPermGen       total 16384K, used 11827K [0x703c0000, 0x713c0000, 0x743c0000)
  object space 16384K, 72% used [0x703c0000,0x70f4cd78,0x713c0000)
}

